<?xml version="1.0" encoding="UTF-8"?>
<TestRun id="1e6aa1e8-ed03-42ea-825b-472c270d9265" name="user22@USER22-PC 2013-03-15 16:48:11" runUser="user22-PC\user22" xmlns="http://microsoft.com/schemas/VisualStudio/TeamTest/2010">
  <TestSettings name="Local" id="58f6ab7d-9045-4d6a-86a5-beca11fa358c">
    <Description>These are default test settings for a local test run.</Description>
    <Deployment userDeploymentRoot="c:\users\user22\documents\visual studio 2010\Projects\ClassLibrary1\TestResults" useDefaultDeploymentRoot="false" enabled="false" runDeploymentRoot="user22_USER22-PC 2013-03-15 16_48_11">
      <DeploymentItem filename="c:\users\user22\documents\visual studio 2010\Projects\ClassLibrary1\ClassLibrary1\bin\Debug\ClassLibrary1.dll" />
    </Deployment>
    <Execution>
      <TestTypeSpecific />
      <AgentRule name="Execution Agents">
      </AgentRule>
    </Execution>
  </TestSettings>
  <Times creation="2013-03-15T16:48:11.1644622-03:00" queuing="2013-03-15T16:48:12.2885265-03:00" start="2013-03-15T16:48:12.4785374-03:00" finish="2013-03-15T16:49:11.7769291-03:00" />
  <ResultSummary outcome="Error">
    <Counters total="5" executed="1" error="0" failed="0" timeout="0" aborted="1" inconclusive="0" passedButRunAborted="0" notRunnable="0" notExecuted="4" disconnected="0" warning="0" passed="0" completed="0" inProgress="0" pending="0" />
    <RunInfos>
      <RunInfo computerName="USER22-PC" outcome="Error" timestamp="2013-03-15T16:49:11.7659284-03:00">
        <Text>Test host process exited unexpectedly.</Text>
      </RunInfo>
    </RunInfos>
  </ResultSummary>
  <TestDefinitions>
    <UnitTest name="TestConvert4" storage="c:\users\user22\documents\visual studio 2010\projects\classlibrary1\testproject1\bin\debug\testproject1.dll" id="8517bb1b-dafd-0f1c-8c9c-395e56cdc110">
      <Execution id="0afbadfc-51de-4a14-b6af-5c688e91bd52" />
      <TestMethod codeBase="c:/users/user22/documents/visual studio 2010/Projects/ClassLibrary1/TestProject1/bin/Debug/TestProject1.DLL" adapterTypeName="Microsoft.VisualStudio.TestTools.TestTypes.Unit.UnitTestAdapter, Microsoft.VisualStudio.QualityTools.Tips.UnitTest.Adapter, Version=10.0.0.0, Culture=neutral, PublicKeyToken=b03f5f7f11d50a3a" className="TestProject1.UnitTest1, TestProject1, Version=1.0.0.0, Culture=neutral, PublicKeyToken=null" name="TestConvert4" />
    </UnitTest>
    <UnitTest name="TestConvert5" storage="c:\users\user22\documents\visual studio 2010\projects\classlibrary1\testproject1\bin\debug\testproject1.dll" id="18012c3c-22fd-852e-cec8-a03d0752798e">
      <Execution id="6cf12c7a-28e4-4176-9cfe-e9ec9247a5ff" />
      <TestMethod codeBase="c:/users/user22/documents/visual studio 2010/Projects/ClassLibrary1/TestProject1/bin/Debug/TestProject1.DLL" adapterTypeName="Microsoft.VisualStudio.TestTools.TestTypes.Unit.UnitTestAdapter, Microsoft.VisualStudio.QualityTools.Tips.UnitTest.Adapter, Version=10.0.0.0, Culture=neutral, PublicKeyToken=b03f5f7f11d50a3a" className="TestProject1.UnitTest1, TestProject1, Version=1.0.0.0, Culture=neutral, PublicKeyToken=null" name="TestConvert5" />
    </UnitTest>
    <UnitTest name="TestConvert1" storage="c:\users\user22\documents\visual studio 2010\projects\classlibrary1\testproject1\bin\debug\testproject1.dll" id="e8761801-f534-73cc-0499-fd2bffebba56">
      <Execution id="374397a4-e36e-4788-9a13-68c0c3d678bc" />
      <TestMethod codeBase="c:/users/user22/documents/visual studio 2010/Projects/ClassLibrary1/TestProject1/bin/Debug/TestProject1.DLL" adapterTypeName="Microsoft.VisualStudio.TestTools.TestTypes.Unit.UnitTestAdapter, Microsoft.VisualStudio.QualityTools.Tips.UnitTest.Adapter, Version=10.0.0.0, Culture=neutral, PublicKeyToken=b03f5f7f11d50a3a" className="TestProject1.UnitTest1, TestProject1, Version=1.0.0.0, Culture=neutral, PublicKeyToken=null" name="TestConvert1" />
    </UnitTest>
    <UnitTest name="TestConvert2" storage="c:\users\user22\documents\visual studio 2010\projects\classlibrary1\testproject1\bin\debug\testproject1.dll" id="a834ec8a-2c68-3b32-a281-2c8d6d5f035b">
      <Execution id="eb17659d-6f31-437e-9f25-8ff2134b878e" />
      <TestMethod codeBase="c:/users/user22/documents/visual studio 2010/Projects/ClassLibrary1/TestProject1/bin/Debug/TestProject1.DLL" adapterTypeName="Microsoft.VisualStudio.TestTools.TestTypes.Unit.UnitTestAdapter, Microsoft.VisualStudio.QualityTools.Tips.UnitTest.Adapter, Version=10.0.0.0, Culture=neutral, PublicKeyToken=b03f5f7f11d50a3a" className="TestProject1.UnitTest1, TestProject1, Version=1.0.0.0, Culture=neutral, PublicKeyToken=null" name="TestConvert2" />
    </UnitTest>
    <UnitTest name="TestConvert3" storage="c:\users\user22\documents\visual studio 2010\projects\classlibrary1\testproject1\bin\debug\testproject1.dll" id="04c38faf-ded8-ae35-63cc-dfb10a7b70b3">
      <Execution id="7c49e529-0f5b-418f-a9cf-4613cece6d88" />
      <TestMethod codeBase="c:/users/user22/documents/visual studio 2010/Projects/ClassLibrary1/TestProject1/bin/Debug/TestProject1.DLL" adapterTypeName="Microsoft.VisualStudio.TestTools.TestTypes.Unit.UnitTestAdapter, Microsoft.VisualStudio.QualityTools.Tips.UnitTest.Adapter, Version=10.0.0.0, Culture=neutral, PublicKeyToken=b03f5f7f11d50a3a" className="TestProject1.UnitTest1, TestProject1, Version=1.0.0.0, Culture=neutral, PublicKeyToken=null" name="TestConvert3" />
    </UnitTest>
  </TestDefinitions>
  <TestLists>
    <TestList name="Results Not in a List" id="8c84fa94-04c1-424b-9868-57a2d4851a1d" />
    <TestList name="All Loaded Results" id="19431567-8539-422a-85d7-44ee4e166bda" />
  </TestLists>
  <TestEntries>
    <TestEntry testId="04c38faf-ded8-ae35-63cc-dfb10a7b70b3" executionId="7c49e529-0f5b-418f-a9cf-4613cece6d88" testListId="8c84fa94-04c1-424b-9868-57a2d4851a1d" />
    <TestEntry testId="18012c3c-22fd-852e-cec8-a03d0752798e" executionId="6cf12c7a-28e4-4176-9cfe-e9ec9247a5ff" testListId="8c84fa94-04c1-424b-9868-57a2d4851a1d" />
    <TestEntry testId="8517bb1b-dafd-0f1c-8c9c-395e56cdc110" executionId="0afbadfc-51de-4a14-b6af-5c688e91bd52" testListId="8c84fa94-04c1-424b-9868-57a2d4851a1d" />
    <TestEntry testId="a834ec8a-2c68-3b32-a281-2c8d6d5f035b" executionId="eb17659d-6f31-437e-9f25-8ff2134b878e" testListId="8c84fa94-04c1-424b-9868-57a2d4851a1d" />
    <TestEntry testId="e8761801-f534-73cc-0499-fd2bffebba56" executionId="374397a4-e36e-4788-9a13-68c0c3d678bc" testListId="8c84fa94-04c1-424b-9868-57a2d4851a1d" />
  </TestEntries>
  <Results>
    <UnitTestResult executionId="7c49e529-0f5b-418f-a9cf-4613cece6d88" testId="04c38faf-ded8-ae35-63cc-dfb10a7b70b3" testName="TestConvert3" computerName="USER22-PC" duration="00:00:59.1273819" startTime="2013-03-15T16:48:12.6415467-03:00" endTime="2013-03-15T16:49:11.7689286-03:00" testType="13cdc9d9-ddb5-4fa4-a97d-d965ccfc6d4b" outcome="Aborted" testListId="8c84fa94-04c1-424b-9868-57a2d4851a1d" relativeResultsDirectory="7c49e529-0f5b-418f-a9cf-4613cece6d88">
    </UnitTestResult>
    <UnitTestResult executionId="6cf12c7a-28e4-4176-9cfe-e9ec9247a5ff" testId="18012c3c-22fd-852e-cec8-a03d0752798e" testName="TestConvert5" computerName="USER22-PC" testType="13cdc9d9-ddb5-4fa4-a97d-d965ccfc6d4b" outcome="NotExecuted" testListId="8c84fa94-04c1-424b-9868-57a2d4851a1d" relativeResultsDirectory="6cf12c7a-28e4-4176-9cfe-e9ec9247a5ff">
    </UnitTestResult>
    <UnitTestResult executionId="0afbadfc-51de-4a14-b6af-5c688e91bd52" testId="8517bb1b-dafd-0f1c-8c9c-395e56cdc110" testName="TestConvert4" computerName="USER22-PC" testType="13cdc9d9-ddb5-4fa4-a97d-d965ccfc6d4b" outcome="NotExecuted" testListId="8c84fa94-04c1-424b-9868-57a2d4851a1d" relativeResultsDirectory="0afbadfc-51de-4a14-b6af-5c688e91bd52">
    </UnitTestResult>
    <UnitTestResult executionId="eb17659d-6f31-437e-9f25-8ff2134b878e" testId="a834ec8a-2c68-3b32-a281-2c8d6d5f035b" testName="TestConvert2" computerName="USER22-PC" testType="13cdc9d9-ddb5-4fa4-a97d-d965ccfc6d4b" outcome="NotExecuted" testListId="8c84fa94-04c1-424b-9868-57a2d4851a1d" relativeResultsDirectory="eb17659d-6f31-437e-9f25-8ff2134b878e">
    </UnitTestResult>
    <UnitTestResult executionId="374397a4-e36e-4788-9a13-68c0c3d678bc" testId="e8761801-f534-73cc-0499-fd2bffebba56" testName="TestConvert1" computerName="USER22-PC" testType="13cdc9d9-ddb5-4fa4-a97d-d965ccfc6d4b" outcome="NotExecuted" testListId="8c84fa94-04c1-424b-9868-57a2d4851a1d" relativeResultsDirectory="374397a4-e36e-4788-9a13-68c0c3d678bc">
    </UnitTestResult>
  </Results>
</TestRun>