<?xml version="1.0" encoding="UTF-8"?>
<TestRun id="dc93dfe6-1701-44ed-8717-3325dcefdfc7" name="user22@USER22-PC 2013-03-15 16:56:28" runUser="user22-PC\user22" xmlns="http://microsoft.com/schemas/VisualStudio/TeamTest/2010">
  <TestSettings name="Local" id="58f6ab7d-9045-4d6a-86a5-beca11fa358c">
    <Description>These are default test settings for a local test run.</Description>
    <Deployment userDeploymentRoot="c:\users\user22\documents\visual studio 2010\Projects\ClassLibrary1\TestResults" useDefaultDeploymentRoot="false" enabled="false" runDeploymentRoot="user22_USER22-PC 2013-03-15 16_56_28">
      <DeploymentItem filename="c:\users\user22\documents\visual studio 2010\Projects\ClassLibrary1\ClassLibrary1\bin\Debug\ClassLibrary1.dll" />
    </Deployment>
    <Execution>
      <TestTypeSpecific />
      <AgentRule name="Execution Agents">
      </AgentRule>
    </Execution>
  </TestSettings>
  <Times creation="2013-03-15T16:56:28.6789184-03:00" queuing="2013-03-15T16:56:29.8449851-03:00" start="2013-03-15T16:56:30.0319958-03:00" finish="2013-03-15T16:59:08.4240553-03:00" />
  <ResultSummary outcome="Error">
    <Counters total="3" executed="3" error="0" failed="2" timeout="0" aborted="1" inconclusive="0" passedButRunAborted="0" notRunnable="0" notExecuted="0" disconnected="0" warning="0" passed="0" completed="0" inProgress="0" pending="0" />
    <RunInfos>
      <RunInfo computerName="USER22-PC" outcome="Error" timestamp="2013-03-15T16:59:08.4200551-03:00">
        <Text>Test host process exited unexpectedly.</Text>
      </RunInfo>
    </RunInfos>
  </ResultSummary>
  <TestDefinitions>
    <UnitTest name="TestConvert4" storage="c:\users\user22\documents\visual studio 2010\projects\classlibrary1\testproject1\bin\debug\testproject1.dll" id="8517bb1b-dafd-0f1c-8c9c-395e56cdc110">
      <Execution id="fe1d6d64-f88e-4a4e-affc-1cb57970e9b7" />
      <TestMethod codeBase="c:/users/user22/documents/visual studio 2010/Projects/ClassLibrary1/TestProject1/bin/Debug/TestProject1.DLL" adapterTypeName="Microsoft.VisualStudio.TestTools.TestTypes.Unit.UnitTestAdapter, Microsoft.VisualStudio.QualityTools.Tips.UnitTest.Adapter, Version=10.0.0.0, Culture=neutral, PublicKeyToken=b03f5f7f11d50a3a" className="TestProject1.UnitTest1, TestProject1, Version=1.0.0.0, Culture=neutral, PublicKeyToken=null" name="TestConvert4" />
    </UnitTest>
    <UnitTest name="TestConvert2" storage="c:\users\user22\documents\visual studio 2010\projects\classlibrary1\testproject1\bin\debug\testproject1.dll" id="a834ec8a-2c68-3b32-a281-2c8d6d5f035b">
      <Execution id="0af97290-31f8-4f25-925b-e7e671b0251b" />
      <TestMethod codeBase="c:/users/user22/documents/visual studio 2010/Projects/ClassLibrary1/TestProject1/bin/Debug/TestProject1.DLL" adapterTypeName="Microsoft.VisualStudio.TestTools.TestTypes.Unit.UnitTestAdapter, Microsoft.VisualStudio.QualityTools.Tips.UnitTest.Adapter, Version=10.0.0.0, Culture=neutral, PublicKeyToken=b03f5f7f11d50a3a" className="TestProject1.UnitTest1, TestProject1, Version=1.0.0.0, Culture=neutral, PublicKeyToken=null" name="TestConvert2" />
    </UnitTest>
    <UnitTest name="TestConvert3" storage="c:\users\user22\documents\visual studio 2010\projects\classlibrary1\testproject1\bin\debug\testproject1.dll" id="04c38faf-ded8-ae35-63cc-dfb10a7b70b3">
      <Execution id="d7bfaecc-32e2-43e3-ac39-73d8ee092347" />
      <TestMethod codeBase="c:/users/user22/documents/visual studio 2010/Projects/ClassLibrary1/TestProject1/bin/Debug/TestProject1.DLL" adapterTypeName="Microsoft.VisualStudio.TestTools.TestTypes.Unit.UnitTestAdapter, Microsoft.VisualStudio.QualityTools.Tips.UnitTest.Adapter, Version=10.0.0.0, Culture=neutral, PublicKeyToken=b03f5f7f11d50a3a" className="TestProject1.UnitTest1, TestProject1, Version=1.0.0.0, Culture=neutral, PublicKeyToken=null" name="TestConvert3" />
    </UnitTest>
  </TestDefinitions>
  <TestLists>
    <TestList name="Results Not in a List" id="8c84fa94-04c1-424b-9868-57a2d4851a1d" />
    <TestList name="All Loaded Results" id="19431567-8539-422a-85d7-44ee4e166bda" />
  </TestLists>
  <TestEntries>
    <TestEntry testId="04c38faf-ded8-ae35-63cc-dfb10a7b70b3" executionId="d7bfaecc-32e2-43e3-ac39-73d8ee092347" testListId="8c84fa94-04c1-424b-9868-57a2d4851a1d" />
    <TestEntry testId="a834ec8a-2c68-3b32-a281-2c8d6d5f035b" executionId="0af97290-31f8-4f25-925b-e7e671b0251b" testListId="8c84fa94-04c1-424b-9868-57a2d4851a1d" />
    <TestEntry testId="8517bb1b-dafd-0f1c-8c9c-395e56cdc110" executionId="fe1d6d64-f88e-4a4e-affc-1cb57970e9b7" testListId="8c84fa94-04c1-424b-9868-57a2d4851a1d" />
  </TestEntries>
  <Results>
    <UnitTestResult executionId="d7bfaecc-32e2-43e3-ac39-73d8ee092347" testId="04c38faf-ded8-ae35-63cc-dfb10a7b70b3" testName="TestConvert3" computerName="USER22-PC" duration="00:00:21.0897261" startTime="2013-03-15T16:56:30.2010055-03:00" endTime="2013-03-15T16:56:52.4342772-03:00" testType="13cdc9d9-ddb5-4fa4-a97d-d965ccfc6d4b" outcome="Failed" testListId="8c84fa94-04c1-424b-9868-57a2d4851a1d" relativeResultsDirectory="d7bfaecc-32e2-43e3-ac39-73d8ee092347">
      <Output>
        <ErrorInfo>
          <Message>Assert.IsTrue failed. </Message>
          <StackTrace>   en TestProject1.UnitTest1.TestConvert3() en c:\users\user22\documents\visual studio 2010\Projects\ClassLibrary1\TestProject1\UnitTest1.cs:línea 35
</StackTrace>
        </ErrorInfo>
      </Output>
    </UnitTestResult>
    <UnitTestResult executionId="0af97290-31f8-4f25-925b-e7e671b0251b" testId="a834ec8a-2c68-3b32-a281-2c8d6d5f035b" testName="TestConvert2" computerName="USER22-PC" duration="00:00:04.4665820" startTime="2013-03-15T16:56:52.4542783-03:00" endTime="2013-03-15T16:56:56.9285342-03:00" testType="13cdc9d9-ddb5-4fa4-a97d-d965ccfc6d4b" outcome="Failed" testListId="8c84fa94-04c1-424b-9868-57a2d4851a1d" relativeResultsDirectory="0af97290-31f8-4f25-925b-e7e671b0251b">
      <Output>
        <ErrorInfo>
          <Message>Assert.IsTrue failed. </Message>
          <StackTrace>   en TestProject1.UnitTest1.TestConvert2() en c:\users\user22\documents\visual studio 2010\Projects\ClassLibrary1\TestProject1\UnitTest1.cs:línea 27
</StackTrace>
        </ErrorInfo>
      </Output>
    </UnitTestResult>
    <UnitTestResult executionId="fe1d6d64-f88e-4a4e-affc-1cb57970e9b7" testId="8517bb1b-dafd-0f1c-8c9c-395e56cdc110" testName="TestConvert4" computerName="USER22-PC" duration="00:02:11.4835204" startTime="2013-03-15T16:56:56.9405349-03:00" endTime="2013-03-15T16:59:08.4240553-03:00" testType="13cdc9d9-ddb5-4fa4-a97d-d965ccfc6d4b" outcome="Aborted" testListId="8c84fa94-04c1-424b-9868-57a2d4851a1d" relativeResultsDirectory="fe1d6d64-f88e-4a4e-affc-1cb57970e9b7">
    </UnitTestResult>
  </Results>
</TestRun>