<?xml version="1.0" encoding="UTF-8"?>
<TestRun id="c03c7a6f-270a-4e78-9625-7a229a06a731" name="user22@USER22-PC 2013-03-15 17:11:09" runUser="user22-PC\user22" xmlns="http://microsoft.com/schemas/VisualStudio/TeamTest/2010">
  <TestSettings name="Local" id="58f6ab7d-9045-4d6a-86a5-beca11fa358c">
    <Description>These are default test settings for a local test run.</Description>
    <Deployment enabled="false" runDeploymentRoot="user22_USER22-PC 2013-03-15 17_11_09">
      <DeploymentItem filename="c:\users\user22\documents\visual studio 2010\Projects\ClassLibrary1\ClassLibrary1\bin\Debug\ClassLibrary1.dll" />
    </Deployment>
    <Execution>
      <TestTypeSpecific />
      <AgentRule name="Execution Agents">
      </AgentRule>
    </Execution>
  </TestSettings>
  <Times creation="2013-03-15T17:11:09.4212940-03:00" queuing="2013-03-15T17:11:09.4842976-03:00" start="2013-03-15T17:11:09.5393008-03:00" finish="2013-03-15T17:11:09.8773201-03:00" />
  <ResultSummary outcome="Failed">
    <Counters total="1" executed="1" error="0" failed="1" timeout="0" aborted="0" inconclusive="0" passedButRunAborted="0" notRunnable="0" notExecuted="0" disconnected="0" warning="0" passed="0" completed="0" inProgress="0" pending="0" />
  </ResultSummary>
  <TestDefinitions>
    <UnitTest name="TestConvert6" storage="c:\users\user22\documents\visual studio 2010\projects\classlibrary1\testproject1\bin\debug\testproject1.dll" id="5176ccc9-f175-dced-6201-2dd094cf05be">
      <Execution id="89785ed7-38a2-44eb-b9a6-a1b887aca27a" />
      <TestMethod codeBase="c:/users/user22/documents/visual studio 2010/Projects/ClassLibrary1/TestProject1/bin/Debug/TestProject1.DLL" adapterTypeName="Microsoft.VisualStudio.TestTools.TestTypes.Unit.UnitTestAdapter, Microsoft.VisualStudio.QualityTools.Tips.UnitTest.Adapter, Version=10.0.0.0, Culture=neutral, PublicKeyToken=b03f5f7f11d50a3a" className="TestProject1.UnitTest1, TestProject1, Version=1.0.0.0, Culture=neutral, PublicKeyToken=null" name="TestConvert6" />
    </UnitTest>
  </TestDefinitions>
  <TestLists>
    <TestList name="Results Not in a List" id="8c84fa94-04c1-424b-9868-57a2d4851a1d" />
    <TestList name="All Loaded Results" id="19431567-8539-422a-85d7-44ee4e166bda" />
  </TestLists>
  <TestEntries>
    <TestEntry testId="5176ccc9-f175-dced-6201-2dd094cf05be" executionId="89785ed7-38a2-44eb-b9a6-a1b887aca27a" testListId="8c84fa94-04c1-424b-9868-57a2d4851a1d" />
  </TestEntries>
  <Results>
    <UnitTestResult executionId="89785ed7-38a2-44eb-b9a6-a1b887aca27a" testId="5176ccc9-f175-dced-6201-2dd094cf05be" testName="TestConvert6" computerName="USER22-PC" duration="00:00:00.0510873" startTime="2013-03-15T17:11:09.5433010-03:00" endTime="2013-03-15T17:11:09.8553189-03:00" testType="13cdc9d9-ddb5-4fa4-a97d-d965ccfc6d4b" outcome="Failed" testListId="8c84fa94-04c1-424b-9868-57a2d4851a1d" relativeResultsDirectory="89785ed7-38a2-44eb-b9a6-a1b887aca27a">
      <Output>
        <ErrorInfo>
          <Message>Assert.IsTrue failed. </Message>
          <StackTrace>   en TestProject1.UnitTest1.TestConvert6() en c:\users\user22\documents\visual studio 2010\Projects\ClassLibrary1\TestProject1\UnitTest1.cs:línea 59
</StackTrace>
        </ErrorInfo>
      </Output>
    </UnitTestResult>
  </Results>
</TestRun>