<?xml version="1.0" encoding="UTF-8"?>
<TestRun id="0feafe6b-33da-4a45-a880-a7411fde5d17" name="user22@USER22-PC 2013-03-15 16:48:05" runUser="user22-PC\user22" xmlns="http://microsoft.com/schemas/VisualStudio/TeamTest/2010">
  <TestSettings name="Local" id="58f6ab7d-9045-4d6a-86a5-beca11fa358c">
    <Description>These are default test settings for a local test run.</Description>
    <Deployment enabled="false" runDeploymentRoot="user22_USER22-PC 2013-03-15 16_48_05">
      <DeploymentItem filename="c:\users\user22\documents\visual studio 2010\Projects\ClassLibrary1\ClassLibrary1\bin\Debug\ClassLibrary1.dll" />
    </Deployment>
    <Execution>
      <TestTypeSpecific />
      <AgentRule name="Execution Agents">
      </AgentRule>
    </Execution>
  </TestSettings>
  <Times creation="2013-03-15T16:48:05.1611189-03:00" queuing="2013-03-15T16:48:05.2841259-03:00" start="2013-03-15T16:48:05.3041271-03:00" finish="2013-03-15T16:48:05.6471467-03:00" />
  <ResultSummary outcome="Failed">
    <Counters total="5" executed="5" error="0" failed="5" timeout="0" aborted="0" inconclusive="0" passedButRunAborted="0" notRunnable="0" notExecuted="0" disconnected="0" warning="0" passed="0" completed="0" inProgress="0" pending="0" />
  </ResultSummary>
  <TestDefinitions>
    <UnitTest name="TestConvert4" storage="c:\users\user22\documents\visual studio 2010\projects\classlibrary1\testproject1\bin\debug\testproject1.dll" id="8517bb1b-dafd-0f1c-8c9c-395e56cdc110">
      <Execution id="be228758-ef56-4c9f-bdaa-436a65fef3e5" />
      <TestMethod codeBase="c:/users/user22/documents/visual studio 2010/Projects/ClassLibrary1/TestProject1/bin/Debug/TestProject1.DLL" adapterTypeName="Microsoft.VisualStudio.TestTools.TestTypes.Unit.UnitTestAdapter, Microsoft.VisualStudio.QualityTools.Tips.UnitTest.Adapter, Version=10.0.0.0, Culture=neutral, PublicKeyToken=b03f5f7f11d50a3a" className="TestProject1.UnitTest1, TestProject1, Version=1.0.0.0, Culture=neutral, PublicKeyToken=null" name="TestConvert4" />
    </UnitTest>
    <UnitTest name="TestConvert5" storage="c:\users\user22\documents\visual studio 2010\projects\classlibrary1\testproject1\bin\debug\testproject1.dll" id="18012c3c-22fd-852e-cec8-a03d0752798e">
      <Execution id="3e7073d7-ce40-4e2d-b124-dd67e665e3b8" />
      <TestMethod codeBase="c:/users/user22/documents/visual studio 2010/Projects/ClassLibrary1/TestProject1/bin/Debug/TestProject1.DLL" adapterTypeName="Microsoft.VisualStudio.TestTools.TestTypes.Unit.UnitTestAdapter, Microsoft.VisualStudio.QualityTools.Tips.UnitTest.Adapter, Version=10.0.0.0, Culture=neutral, PublicKeyToken=b03f5f7f11d50a3a" className="TestProject1.UnitTest1, TestProject1, Version=1.0.0.0, Culture=neutral, PublicKeyToken=null" name="TestConvert5" />
    </UnitTest>
    <UnitTest name="TestConvert1" storage="c:\users\user22\documents\visual studio 2010\projects\classlibrary1\testproject1\bin\debug\testproject1.dll" id="e8761801-f534-73cc-0499-fd2bffebba56">
      <Execution id="965eb212-deee-4e92-a467-79e6a4bf5b62" />
      <TestMethod codeBase="c:/users/user22/documents/visual studio 2010/Projects/ClassLibrary1/TestProject1/bin/Debug/TestProject1.DLL" adapterTypeName="Microsoft.VisualStudio.TestTools.TestTypes.Unit.UnitTestAdapter, Microsoft.VisualStudio.QualityTools.Tips.UnitTest.Adapter, Version=10.0.0.0, Culture=neutral, PublicKeyToken=b03f5f7f11d50a3a" className="TestProject1.UnitTest1, TestProject1, Version=1.0.0.0, Culture=neutral, PublicKeyToken=null" name="TestConvert1" />
    </UnitTest>
    <UnitTest name="TestConvert2" storage="c:\users\user22\documents\visual studio 2010\projects\classlibrary1\testproject1\bin\debug\testproject1.dll" id="a834ec8a-2c68-3b32-a281-2c8d6d5f035b">
      <Execution id="b54f428e-a084-4b07-8c98-f94e4aeb4849" />
      <TestMethod codeBase="c:/users/user22/documents/visual studio 2010/Projects/ClassLibrary1/TestProject1/bin/Debug/TestProject1.DLL" adapterTypeName="Microsoft.VisualStudio.TestTools.TestTypes.Unit.UnitTestAdapter, Microsoft.VisualStudio.QualityTools.Tips.UnitTest.Adapter, Version=10.0.0.0, Culture=neutral, PublicKeyToken=b03f5f7f11d50a3a" className="TestProject1.UnitTest1, TestProject1, Version=1.0.0.0, Culture=neutral, PublicKeyToken=null" name="TestConvert2" />
    </UnitTest>
    <UnitTest name="TestConvert3" storage="c:\users\user22\documents\visual studio 2010\projects\classlibrary1\testproject1\bin\debug\testproject1.dll" id="04c38faf-ded8-ae35-63cc-dfb10a7b70b3">
      <Execution id="581e70bb-d577-4f8d-872c-867e494c01db" />
      <TestMethod codeBase="c:/users/user22/documents/visual studio 2010/Projects/ClassLibrary1/TestProject1/bin/Debug/TestProject1.DLL" adapterTypeName="Microsoft.VisualStudio.TestTools.TestTypes.Unit.UnitTestAdapter, Microsoft.VisualStudio.QualityTools.Tips.UnitTest.Adapter, Version=10.0.0.0, Culture=neutral, PublicKeyToken=b03f5f7f11d50a3a" className="TestProject1.UnitTest1, TestProject1, Version=1.0.0.0, Culture=neutral, PublicKeyToken=null" name="TestConvert3" />
    </UnitTest>
  </TestDefinitions>
  <TestLists>
    <TestList name="Results Not in a List" id="8c84fa94-04c1-424b-9868-57a2d4851a1d" />
    <TestList name="All Loaded Results" id="19431567-8539-422a-85d7-44ee4e166bda" />
  </TestLists>
  <TestEntries>
    <TestEntry testId="04c38faf-ded8-ae35-63cc-dfb10a7b70b3" executionId="581e70bb-d577-4f8d-872c-867e494c01db" testListId="8c84fa94-04c1-424b-9868-57a2d4851a1d" />
    <TestEntry testId="18012c3c-22fd-852e-cec8-a03d0752798e" executionId="3e7073d7-ce40-4e2d-b124-dd67e665e3b8" testListId="8c84fa94-04c1-424b-9868-57a2d4851a1d" />
    <TestEntry testId="8517bb1b-dafd-0f1c-8c9c-395e56cdc110" executionId="be228758-ef56-4c9f-bdaa-436a65fef3e5" testListId="8c84fa94-04c1-424b-9868-57a2d4851a1d" />
    <TestEntry testId="a834ec8a-2c68-3b32-a281-2c8d6d5f035b" executionId="b54f428e-a084-4b07-8c98-f94e4aeb4849" testListId="8c84fa94-04c1-424b-9868-57a2d4851a1d" />
    <TestEntry testId="e8761801-f534-73cc-0499-fd2bffebba56" executionId="965eb212-deee-4e92-a467-79e6a4bf5b62" testListId="8c84fa94-04c1-424b-9868-57a2d4851a1d" />
  </TestEntries>
  <Results>
    <UnitTestResult executionId="581e70bb-d577-4f8d-872c-867e494c01db" testId="04c38faf-ded8-ae35-63cc-dfb10a7b70b3" testName="TestConvert3" computerName="USER22-PC" duration="00:00:00.0389993" startTime="2013-03-15T16:48:05.3091273-03:00" endTime="2013-03-15T16:48:05.5981439-03:00" testType="13cdc9d9-ddb5-4fa4-a97d-d965ccfc6d4b" outcome="Failed" testListId="8c84fa94-04c1-424b-9868-57a2d4851a1d" relativeResultsDirectory="581e70bb-d577-4f8d-872c-867e494c01db">
      <Output>
        <ErrorInfo>
          <Message>Assert.IsTrue failed. </Message>
          <StackTrace>   en TestProject1.UnitTest1.TestConvert3() en c:\users\user22\documents\visual studio 2010\Projects\ClassLibrary1\TestProject1\UnitTest1.cs:línea 35
</StackTrace>
        </ErrorInfo>
      </Output>
    </UnitTestResult>
    <UnitTestResult executionId="3e7073d7-ce40-4e2d-b124-dd67e665e3b8" testId="18012c3c-22fd-852e-cec8-a03d0752798e" testName="TestConvert5" computerName="USER22-PC" duration="00:00:00.0023045" startTime="2013-03-15T16:48:05.5991439-03:00" endTime="2013-03-15T16:48:05.6081444-03:00" testType="13cdc9d9-ddb5-4fa4-a97d-d965ccfc6d4b" outcome="Failed" testListId="8c84fa94-04c1-424b-9868-57a2d4851a1d" relativeResultsDirectory="3e7073d7-ce40-4e2d-b124-dd67e665e3b8">
      <Output>
        <ErrorInfo>
          <Message>Assert.IsTrue failed. </Message>
          <StackTrace>   en TestProject1.UnitTest1.TestConvert5() en c:\users\user22\documents\visual studio 2010\Projects\ClassLibrary1\TestProject1\UnitTest1.cs:línea 51
</StackTrace>
        </ErrorInfo>
      </Output>
    </UnitTestResult>
    <UnitTestResult executionId="be228758-ef56-4c9f-bdaa-436a65fef3e5" testId="8517bb1b-dafd-0f1c-8c9c-395e56cdc110" testName="TestConvert4" computerName="USER22-PC" duration="00:00:00.0022298" startTime="2013-03-15T16:48:05.6091445-03:00" endTime="2013-03-15T16:48:05.6161449-03:00" testType="13cdc9d9-ddb5-4fa4-a97d-d965ccfc6d4b" outcome="Failed" testListId="8c84fa94-04c1-424b-9868-57a2d4851a1d" relativeResultsDirectory="be228758-ef56-4c9f-bdaa-436a65fef3e5">
      <Output>
        <ErrorInfo>
          <Message>Assert.IsTrue failed. </Message>
          <StackTrace>   en TestProject1.UnitTest1.TestConvert4() en c:\users\user22\documents\visual studio 2010\Projects\ClassLibrary1\TestProject1\UnitTest1.cs:línea 43
</StackTrace>
        </ErrorInfo>
      </Output>
    </UnitTestResult>
    <UnitTestResult executionId="b54f428e-a084-4b07-8c98-f94e4aeb4849" testId="a834ec8a-2c68-3b32-a281-2c8d6d5f035b" testName="TestConvert2" computerName="USER22-PC" duration="00:00:00.0016000" startTime="2013-03-15T16:48:05.6181450-03:00" endTime="2013-03-15T16:48:05.6231453-03:00" testType="13cdc9d9-ddb5-4fa4-a97d-d965ccfc6d4b" outcome="Failed" testListId="8c84fa94-04c1-424b-9868-57a2d4851a1d" relativeResultsDirectory="b54f428e-a084-4b07-8c98-f94e4aeb4849">
      <Output>
        <ErrorInfo>
          <Message>Assert.IsTrue failed. </Message>
          <StackTrace>   en TestProject1.UnitTest1.TestConvert2() en c:\users\user22\documents\visual studio 2010\Projects\ClassLibrary1\TestProject1\UnitTest1.cs:línea 27
</StackTrace>
        </ErrorInfo>
      </Output>
    </UnitTestResult>
    <UnitTestResult executionId="965eb212-deee-4e92-a467-79e6a4bf5b62" testId="e8761801-f534-73cc-0499-fd2bffebba56" testName="TestConvert1" computerName="USER22-PC" duration="00:00:00.0015385" startTime="2013-03-15T16:48:05.6251454-03:00" endTime="2013-03-15T16:48:05.6311458-03:00" testType="13cdc9d9-ddb5-4fa4-a97d-d965ccfc6d4b" outcome="Failed" testListId="8c84fa94-04c1-424b-9868-57a2d4851a1d" relativeResultsDirectory="965eb212-deee-4e92-a467-79e6a4bf5b62">
      <Output>
        <ErrorInfo>
          <Message>Assert.IsTrue failed. </Message>
          <StackTrace>   en TestProject1.UnitTest1.TestConvert1() en c:\users\user22\documents\visual studio 2010\Projects\ClassLibrary1\TestProject1\UnitTest1.cs:línea 19
</StackTrace>
        </ErrorInfo>
      </Output>
    </UnitTestResult>
  </Results>
</TestRun>