<?xml version="1.0" encoding="UTF-8"?>
<TestRun id="08ceef11-eb3e-427e-ae61-112edf9e6080" name="user22@USER22-PC 2013-03-15 16:45:31" runUser="user22-PC\user22" xmlns="http://microsoft.com/schemas/VisualStudio/TeamTest/2010">
  <TestSettings name="Local" id="58f6ab7d-9045-4d6a-86a5-beca11fa358c">
    <Description>These are default test settings for a local test run.</Description>
    <Deployment userDeploymentRoot="c:\users\user22\documents\visual studio 2010\Projects\ClassLibrary1\TestResults" useDefaultDeploymentRoot="false" enabled="false" runDeploymentRoot="user22_USER22-PC 2013-03-15 16_45_31">
      <DeploymentItem filename="c:\users\user22\documents\visual studio 2010\Projects\ClassLibrary1\ClassLibrary1\bin\Debug\ClassLibrary1.dll" />
    </Deployment>
    <Execution>
      <TestTypeSpecific />
      <AgentRule name="Execution Agents">
      </AgentRule>
    </Execution>
  </TestSettings>
  <Times creation="2013-03-15T16:45:31.3013186-03:00" queuing="2013-03-15T16:45:33.4344406-03:00" start="2013-03-15T16:45:33.6464527-03:00" finish="2013-03-15T16:46:50.1438281-03:00" />
  <ResultSummary outcome="Error">
    <Counters total="5" executed="3" error="0" failed="2" timeout="0" aborted="1" inconclusive="0" passedButRunAborted="0" notRunnable="0" notExecuted="2" disconnected="0" warning="0" passed="0" completed="0" inProgress="0" pending="0" />
    <RunInfos>
      <RunInfo computerName="USER22-PC" outcome="Error" timestamp="2013-03-15T16:46:50.1368277-03:00">
        <Text>Test host process exited unexpectedly.</Text>
      </RunInfo>
    </RunInfos>
  </ResultSummary>
  <TestDefinitions>
    <UnitTest name="TestConvert4" storage="c:\users\user22\documents\visual studio 2010\projects\classlibrary1\testproject1\bin\debug\testproject1.dll" id="8517bb1b-dafd-0f1c-8c9c-395e56cdc110">
      <Execution id="72e96262-bd6d-441c-ad8f-b8321af981c0" />
      <TestMethod codeBase="c:/users/user22/documents/visual studio 2010/Projects/ClassLibrary1/TestProject1/bin/Debug/TestProject1.DLL" adapterTypeName="Microsoft.VisualStudio.TestTools.TestTypes.Unit.UnitTestAdapter, Microsoft.VisualStudio.QualityTools.Tips.UnitTest.Adapter, Version=10.0.0.0, Culture=neutral, PublicKeyToken=b03f5f7f11d50a3a" className="TestProject1.UnitTest1, TestProject1, Version=1.0.0.0, Culture=neutral, PublicKeyToken=null" name="TestConvert4" />
    </UnitTest>
    <UnitTest name="TestConvert5" storage="c:\users\user22\documents\visual studio 2010\projects\classlibrary1\testproject1\bin\debug\testproject1.dll" id="18012c3c-22fd-852e-cec8-a03d0752798e">
      <Execution id="fcb632e5-accd-4c9f-aa95-33b217fb2de9" />
      <TestMethod codeBase="c:/users/user22/documents/visual studio 2010/Projects/ClassLibrary1/TestProject1/bin/Debug/TestProject1.DLL" adapterTypeName="Microsoft.VisualStudio.TestTools.TestTypes.Unit.UnitTestAdapter, Microsoft.VisualStudio.QualityTools.Tips.UnitTest.Adapter, Version=10.0.0.0, Culture=neutral, PublicKeyToken=b03f5f7f11d50a3a" className="TestProject1.UnitTest1, TestProject1, Version=1.0.0.0, Culture=neutral, PublicKeyToken=null" name="TestConvert5" />
    </UnitTest>
    <UnitTest name="TestConvert1" storage="c:\users\user22\documents\visual studio 2010\projects\classlibrary1\testproject1\bin\debug\testproject1.dll" id="e8761801-f534-73cc-0499-fd2bffebba56">
      <Execution id="1a0cc5ee-b991-40c0-9779-b0ce82c1fe30" />
      <TestMethod codeBase="c:/users/user22/documents/visual studio 2010/Projects/ClassLibrary1/TestProject1/bin/Debug/TestProject1.DLL" adapterTypeName="Microsoft.VisualStudio.TestTools.TestTypes.Unit.UnitTestAdapter, Microsoft.VisualStudio.QualityTools.Tips.UnitTest.Adapter, Version=10.0.0.0, Culture=neutral, PublicKeyToken=b03f5f7f11d50a3a" className="TestProject1.UnitTest1, TestProject1, Version=1.0.0.0, Culture=neutral, PublicKeyToken=null" name="TestConvert1" />
    </UnitTest>
    <UnitTest name="TestConvert2" storage="c:\users\user22\documents\visual studio 2010\projects\classlibrary1\testproject1\bin\debug\testproject1.dll" id="a834ec8a-2c68-3b32-a281-2c8d6d5f035b">
      <Execution id="0454dccd-394a-4213-af9a-505fd0b78881" />
      <TestMethod codeBase="c:/users/user22/documents/visual studio 2010/Projects/ClassLibrary1/TestProject1/bin/Debug/TestProject1.DLL" adapterTypeName="Microsoft.VisualStudio.TestTools.TestTypes.Unit.UnitTestAdapter, Microsoft.VisualStudio.QualityTools.Tips.UnitTest.Adapter, Version=10.0.0.0, Culture=neutral, PublicKeyToken=b03f5f7f11d50a3a" className="TestProject1.UnitTest1, TestProject1, Version=1.0.0.0, Culture=neutral, PublicKeyToken=null" name="TestConvert2" />
    </UnitTest>
    <UnitTest name="TestConvert3" storage="c:\users\user22\documents\visual studio 2010\projects\classlibrary1\testproject1\bin\debug\testproject1.dll" id="04c38faf-ded8-ae35-63cc-dfb10a7b70b3">
      <Execution id="63366dfe-b5e3-4c80-aa98-4511c78d28d7" />
      <TestMethod codeBase="c:/users/user22/documents/visual studio 2010/Projects/ClassLibrary1/TestProject1/bin/Debug/TestProject1.DLL" adapterTypeName="Microsoft.VisualStudio.TestTools.TestTypes.Unit.UnitTestAdapter, Microsoft.VisualStudio.QualityTools.Tips.UnitTest.Adapter, Version=10.0.0.0, Culture=neutral, PublicKeyToken=b03f5f7f11d50a3a" className="TestProject1.UnitTest1, TestProject1, Version=1.0.0.0, Culture=neutral, PublicKeyToken=null" name="TestConvert3" />
    </UnitTest>
  </TestDefinitions>
  <TestLists>
    <TestList name="Results Not in a List" id="8c84fa94-04c1-424b-9868-57a2d4851a1d" />
    <TestList name="All Loaded Results" id="19431567-8539-422a-85d7-44ee4e166bda" />
  </TestLists>
  <TestEntries>
    <TestEntry testId="18012c3c-22fd-852e-cec8-a03d0752798e" executionId="fcb632e5-accd-4c9f-aa95-33b217fb2de9" testListId="8c84fa94-04c1-424b-9868-57a2d4851a1d" />
    <TestEntry testId="8517bb1b-dafd-0f1c-8c9c-395e56cdc110" executionId="72e96262-bd6d-441c-ad8f-b8321af981c0" testListId="8c84fa94-04c1-424b-9868-57a2d4851a1d" />
    <TestEntry testId="e8761801-f534-73cc-0499-fd2bffebba56" executionId="1a0cc5ee-b991-40c0-9779-b0ce82c1fe30" testListId="8c84fa94-04c1-424b-9868-57a2d4851a1d" />
    <TestEntry testId="a834ec8a-2c68-3b32-a281-2c8d6d5f035b" executionId="0454dccd-394a-4213-af9a-505fd0b78881" testListId="8c84fa94-04c1-424b-9868-57a2d4851a1d" />
    <TestEntry testId="04c38faf-ded8-ae35-63cc-dfb10a7b70b3" executionId="63366dfe-b5e3-4c80-aa98-4511c78d28d7" testListId="8c84fa94-04c1-424b-9868-57a2d4851a1d" />
  </TestEntries>
  <Results>
    <UnitTestResult executionId="fcb632e5-accd-4c9f-aa95-33b217fb2de9" testId="18012c3c-22fd-852e-cec8-a03d0752798e" testName="TestConvert5" computerName="USER22-PC" duration="00:00:28.4423972" startTime="2013-03-15T16:45:33.8164625-03:00" endTime="2013-03-15T16:46:03.7031719-03:00" testType="13cdc9d9-ddb5-4fa4-a97d-d965ccfc6d4b" outcome="Failed" testListId="8c84fa94-04c1-424b-9868-57a2d4851a1d" relativeResultsDirectory="fcb632e5-accd-4c9f-aa95-33b217fb2de9">
      <Output>
        <ErrorInfo>
          <Message>Assert.IsTrue failed. </Message>
          <StackTrace>   en TestProject1.UnitTest1.TestConvert5() en c:\users\user22\documents\visual studio 2010\Projects\ClassLibrary1\TestProject1\UnitTest1.cs:línea 51
</StackTrace>
        </ErrorInfo>
      </Output>
    </UnitTestResult>
    <UnitTestResult executionId="72e96262-bd6d-441c-ad8f-b8321af981c0" testId="8517bb1b-dafd-0f1c-8c9c-395e56cdc110" testName="TestConvert4" computerName="USER22-PC" duration="00:00:35.1312077" startTime="2013-03-15T16:46:03.7311735-03:00" endTime="2013-03-15T16:46:39.0061911-03:00" testType="13cdc9d9-ddb5-4fa4-a97d-d965ccfc6d4b" outcome="Failed" testListId="8c84fa94-04c1-424b-9868-57a2d4851a1d" relativeResultsDirectory="72e96262-bd6d-441c-ad8f-b8321af981c0">
      <Output>
        <ErrorInfo>
          <Message>Assert.IsTrue failed. </Message>
          <StackTrace>   en TestProject1.UnitTest1.TestConvert4() en c:\users\user22\documents\visual studio 2010\Projects\ClassLibrary1\TestProject1\UnitTest1.cs:línea 43
</StackTrace>
        </ErrorInfo>
      </Output>
    </UnitTestResult>
    <UnitTestResult executionId="1a0cc5ee-b991-40c0-9779-b0ce82c1fe30" testId="e8761801-f534-73cc-0499-fd2bffebba56" testName="TestConvert1" computerName="USER22-PC" duration="00:00:11.1216361" startTime="2013-03-15T16:46:39.0181918-03:00" endTime="2013-03-15T16:46:50.1398279-03:00" testType="13cdc9d9-ddb5-4fa4-a97d-d965ccfc6d4b" outcome="Aborted" testListId="8c84fa94-04c1-424b-9868-57a2d4851a1d" relativeResultsDirectory="1a0cc5ee-b991-40c0-9779-b0ce82c1fe30">
    </UnitTestResult>
    <UnitTestResult executionId="0454dccd-394a-4213-af9a-505fd0b78881" testId="a834ec8a-2c68-3b32-a281-2c8d6d5f035b" testName="TestConvert2" computerName="USER22-PC" testType="13cdc9d9-ddb5-4fa4-a97d-d965ccfc6d4b" outcome="NotExecuted" testListId="8c84fa94-04c1-424b-9868-57a2d4851a1d" relativeResultsDirectory="0454dccd-394a-4213-af9a-505fd0b78881">
    </UnitTestResult>
    <UnitTestResult executionId="63366dfe-b5e3-4c80-aa98-4511c78d28d7" testId="04c38faf-ded8-ae35-63cc-dfb10a7b70b3" testName="TestConvert3" computerName="USER22-PC" testType="13cdc9d9-ddb5-4fa4-a97d-d965ccfc6d4b" outcome="NotExecuted" testListId="8c84fa94-04c1-424b-9868-57a2d4851a1d" relativeResultsDirectory="63366dfe-b5e3-4c80-aa98-4511c78d28d7">
    </UnitTestResult>
  </Results>
</TestRun>